  Building Custom Rule D:/Learn-Vulkan/LearnSaschaWillems/Vulkan/base/CMakeLists.txt
  imgui.cpp
  imgui_demo.cpp
  imgui_draw.cpp
  imgui_widgets.cpp
  VulkanAndroid.cpp
  VulkanBuffer.cpp
  VulkanDebug.cpp
  VulkanDevice.cpp
  VulkanRaytracingSample.cpp
  VulkanSwapChain.cpp
  VulkanTexture.cpp
  VulkanTools.cpp
  VulkanUIOverlay.cpp
  VulkanglTFModel.cpp
  vulkanexamplebase.cpp
  正在生成代码...
  texture.c
D:\Learn-Vulkan\LearnSaschaWillems\Vulkan\external\ktx\lib\texture.c(31,1): warning C4005: “_CRT_SECURE_NO_WARNINGS”: 宏重定义
D:\Learn-Vulkan\LearnSaschaWillems\Vulkan\external\ktx\lib\texture.c(31,1): message : 之前在命令行上声明的“_CRT_SECURE_NO_WARNINGS”
D:\Learn-Vulkan\LearnSaschaWillems\Vulkan\external\ktx\lib\gl_format.h(100,1): warning C4005: “NOMINMAX”: 宏重定义
D:\Learn-Vulkan\LearnSaschaWillems\Vulkan\external\ktx\lib\gl_format.h(100,1): message : 之前在命令行上声明的“NOMINMAX”
  hashlist.c
  checkheader.c
  swap.c
  memstream.c
  filestream.c
  正在生成代码...
  base.vcxproj -> D:\Learn-Vulkan\LearnSaschaWillems\Vulkan\build\base\Debug\base.lib
